<?xml version="1.0" encoding="UTF-8"?>
<!-- Generated by org.testng.reporters.JUnitReportReporter -->
<testsuite hostname="AravindNatesan" failures="0" tests="1" name="com.wisdocity.automation.LoginTest" time="15.944" errors="0" timestamp="2025-03-08T18:49:48 EST" skipped="0">
  <testcase classname="com.wisdocity.automation.LoginTest" name="login" time="15.944"/>
</testsuite> <!-- com.wisdocity.automation.LoginTest -->
